d:\itstuff\uni\c++\k2practice\k2practice\x64\debug\vc143.pdb
d:\itstuff\uni\c++\k2practice\k2practice\x64\debug\vc143.idb
d:\itstuff\uni\c++\k2practice\k2practice\x64\debug\studentdb.obj
d:\itstuff\uni\c++\k2practice\k2practice\x64\debug\student.obj
d:\itstuff\uni\c++\k2practice\k2practice\x64\debug\specialcustomfunction.obj
d:\itstuff\uni\c++\k2practice\k2practice\x64\debug\mulstring.obj
d:\itstuff\uni\c++\k2practice\k2practice\x64\debug\computerstore.obj
d:\itstuff\uni\c++\k2practice\k2practice\x64\debug\computer.obj
d:\itstuff\uni\c++\k2practice\x64\debug\k2practice.pdb
d:\itstuff\uni\c++\k2practice\k2practice\x64\debug\k2practice.tlog\cl.command.1.tlog
d:\itstuff\uni\c++\k2practice\k2practice\x64\debug\k2practice.tlog\cl.read.1.tlog
d:\itstuff\uni\c++\k2practice\k2practice\x64\debug\k2practice.tlog\cl.write.1.tlog
d:\itstuff\uni\c++\k2practice\k2practice\x64\debug\k2practice.tlog\link-cvtres.read.1.tlog
d:\itstuff\uni\c++\k2practice\k2practice\x64\debug\k2practice.tlog\link-cvtres.write.1.tlog
d:\itstuff\uni\c++\k2practice\k2practice\x64\debug\k2practice.tlog\link-rc.read.1.tlog
d:\itstuff\uni\c++\k2practice\k2practice\x64\debug\k2practice.tlog\link-rc.write.1.tlog
d:\itstuff\uni\c++\k2practice\k2practice\x64\debug\k2practice.tlog\link.command.1.tlog
d:\itstuff\uni\c++\k2practice\k2practice\x64\debug\k2practice.tlog\link.read.1.tlog
d:\itstuff\uni\c++\k2practice\k2practice\x64\debug\k2practice.tlog\link.read.2.tlog
d:\itstuff\uni\c++\k2practice\k2practice\x64\debug\k2practice.tlog\link.write.1.tlog
